{"C:\\zhuanma\\CS7180\\Project2\\CS7180_HW3-Context-Engineering_Best-Match-\\app\\api\\health\\route.ts": {"path":"C:\\zhuanma\\CS7180\\Project2\\CS7180_HW3-Context-Engineering_Best-Match-\\app\\api\\health\\route.ts","statementMap":{"0":{"start":{"line":6,"column":4},"end":{"line":49,"column":null}},"1":{"start":{"line":7,"column":25},"end":{"line":7,"column":null}},"2":{"start":{"line":12,"column":34},"end":{"line":12,"column":null}},"3":{"start":{"line":17,"column":28},"end":{"line":17,"column":null}},"4":{"start":{"line":18,"column":32},"end":{"line":18,"column":null}},"5":{"start":{"line":20,"column":8},"end":{"line":33,"column":null}},"6":{"start":{"line":21,"column":12},"end":{"line":32,"column":null}},"7":{"start":{"line":35,"column":8},"end":{"line":39,"column":null}},"8":{"start":{"line":41,"column":8},"end":{"line":48,"column":null}}},"fnMap":{"0":{"name":"GET","decl":{"start":{"line":5,"column":22},"end":{"line":5,"column":28}},"loc":{"start":{"line":5,"column":28},"end":{"line":50,"column":null}},"line":5}},"branchMap":{"0":{"loc":{"start":{"line":17,"column":28},"end":{"line":17,"column":null}},"type":"binary-expr","locations":[{"start":{"line":17,"column":28},"end":{"line":17,"column":38}},{"start":{"line":17,"column":38},"end":{"line":17,"column":null}}],"line":17},"1":{"loc":{"start":{"line":20,"column":8},"end":{"line":33,"column":null}},"type":"if","locations":[{"start":{"line":20,"column":8},"end":{"line":33,"column":null}},{"start":{},"end":{}}],"line":20},"2":{"loc":{"start":{"line":20,"column":12},"end":{"line":20,"column":46}},"type":"binary-expr","locations":[{"start":{"line":20,"column":12},"end":{"line":20,"column":28}},{"start":{"line":20,"column":28},"end":{"line":20,"column":46}}],"line":20},"3":{"loc":{"start":{"line":26,"column":34},"end":{"line":26,"column":null}},"type":"cond-expr","locations":[{"start":{"line":26,"column":48},"end":{"line":26,"column":55}},{"start":{"line":26,"column":55},"end":{"line":26,"column":null}}],"line":26},"4":{"loc":{"start":{"line":27,"column":32},"end":{"line":27,"column":null}},"type":"cond-expr","locations":[{"start":{"line":27,"column":50},"end":{"line":27,"column":57}},{"start":{"line":27,"column":57},"end":{"line":27,"column":null}}],"line":27},"5":{"loc":{"start":{"line":28,"column":37},"end":{"line":28,"column":null}},"type":"binary-expr","locations":[{"start":{"line":28,"column":37},"end":{"line":28,"column":46}},{"start":{"line":28,"column":46},"end":{"line":28,"column":null}}],"line":28}},"s":{"0":5,"1":5,"2":4,"3":4,"4":5,"5":5,"6":2,"7":2,"8":1},"f":{"0":5},"b":{"0":[4,2],"1":[2,3],"2":[5,3],"3":[1,1],"4":[1,1],"5":[2,1]},"meta":{"lastBranch":6,"lastFunction":1,"lastStatement":9,"seen":{"f:5:22:5:28":0,"s:6:4:49:Infinity":0,"s:7:25:7:Infinity":1,"s:12:34:12:Infinity":2,"s:17:28:17:Infinity":3,"b:17:28:17:38:17:38:17:Infinity":0,"s:18:32:18:Infinity":4,"b:20:8:33:Infinity:undefined:undefined:undefined:undefined":1,"s:20:8:33:Infinity":5,"b:20:12:20:28:20:28:20:46":2,"s:21:12:32:Infinity":6,"b:26:48:26:55:26:55:26:Infinity":3,"b:27:50:27:57:27:57:27:Infinity":4,"b:28:37:28:46:28:46:28:Infinity":5,"s:35:8:39:Infinity":7,"s:41:8:48:Infinity":8}}}
,"C:\\zhuanma\\CS7180\\Project2\\CS7180_HW3-Context-Engineering_Best-Match-\\app\\api\\match\\route.ts": {"path":"C:\\zhuanma\\CS7180\\Project2\\CS7180_HW3-Context-Engineering_Best-Match-\\app\\api\\match\\route.ts","statementMap":{"0":{"start":{"line":7,"column":4},"end":{"line":44,"column":null}},"1":{"start":{"line":8,"column":41},"end":{"line":8,"column":null}},"2":{"start":{"line":11,"column":8},"end":{"line":13,"column":null}},"3":{"start":{"line":12,"column":12},"end":{"line":12,"column":null}},"4":{"start":{"line":15,"column":31},"end":{"line":15,"column":null}},"5":{"start":{"line":16,"column":8},"end":{"line":24,"column":null}},"6":{"start":{"line":17,"column":12},"end":{"line":23,"column":null}},"7":{"start":{"line":31,"column":8},"end":{"line":35,"column":null}},"8":{"start":{"line":37,"column":8},"end":{"line":43,"column":null}}},"fnMap":{"0":{"name":"POST","decl":{"start":{"line":6,"column":22},"end":{"line":6,"column":27}},"loc":{"start":{"line":6,"column":45},"end":{"line":45,"column":null}},"line":6}},"branchMap":{"0":{"loc":{"start":{"line":11,"column":8},"end":{"line":13,"column":null}},"type":"if","locations":[{"start":{"line":11,"column":8},"end":{"line":13,"column":null}},{"start":{},"end":{}}],"line":11},"1":{"loc":{"start":{"line":16,"column":8},"end":{"line":24,"column":null}},"type":"if","locations":[{"start":{"line":16,"column":8},"end":{"line":24,"column":null}},{"start":{},"end":{}}],"line":16}},"s":{"0":4,"1":4,"2":3,"3":1,"4":2,"5":2,"6":1,"7":1,"8":1},"f":{"0":4},"b":{"0":[1,2],"1":[1,1]},"meta":{"lastBranch":2,"lastFunction":1,"lastStatement":9,"seen":{"f:6:22:6:27":0,"s:7:4:44:Infinity":0,"s:8:41:8:Infinity":1,"b:11:8:13:Infinity:undefined:undefined:undefined:undefined":0,"s:11:8:13:Infinity":2,"s:12:12:12:Infinity":3,"s:15:31:15:Infinity":4,"b:16:8:24:Infinity:undefined:undefined:undefined:undefined":1,"s:16:8:24:Infinity":5,"s:17:12:23:Infinity":6,"s:31:8:35:Infinity":7,"s:37:8:43:Infinity":8}}}
,"C:\\zhuanma\\CS7180\\Project2\\CS7180_HW3-Context-Engineering_Best-Match-\\lib\\env.ts": {"path":"C:\\zhuanma\\CS7180\\Project2\\CS7180_HW3-Context-Engineering_Best-Match-\\lib\\env.ts","statementMap":{"0":{"start":{"line":3,"column":18},"end":{"line":6,"column":null}},"1":{"start":{"line":8,"column":20},"end":{"line":22,"column":null}},"2":{"start":{"line":9,"column":4},"end":{"line":21,"column":null}},"3":{"start":{"line":10,"column":20},"end":{"line":13,"column":null}},"4":{"start":{"line":14,"column":8},"end":{"line":14,"column":null}},"5":{"start":{"line":16,"column":8},"end":{"line":19,"column":null}},"6":{"start":{"line":17,"column":12},"end":{"line":17,"column":null}},"7":{"start":{"line":18,"column":12},"end":{"line":18,"column":null}},"8":{"start":{"line":20,"column":8},"end":{"line":20,"column":null}},"9":{"start":{"line":24,"column":19},"end":{"line":24,"column":null}}},"fnMap":{"0":{"name":"(anonymous_0)","decl":{"start":{"line":8,"column":20},"end":{"line":8,"column":26}},"loc":{"start":{"line":8,"column":26},"end":{"line":22,"column":null}},"line":8}},"branchMap":{"0":{"loc":{"start":{"line":16,"column":8},"end":{"line":19,"column":null}},"type":"if","locations":[{"start":{"line":16,"column":8},"end":{"line":19,"column":null}},{"start":{},"end":{}}],"line":16},"1":{"loc":{"start":{"line":17,"column":62},"end":{"line":17,"column":127}},"type":"cond-expr","locations":[{"start":{"line":17,"column":79},"end":{"line":17,"column":115}},{"start":{"line":17,"column":115},"end":{"line":17,"column":127}}],"line":17}},"s":{"0":0,"1":0,"2":0,"3":0,"4":0,"5":0,"6":0,"7":0,"8":0,"9":0},"f":{"0":0},"b":{"0":[0,0],"1":[0,0]},"meta":{"lastBranch":2,"lastFunction":1,"lastStatement":10,"seen":{"s:3:18:6:Infinity":0,"s:8:20:22:Infinity":1,"f:8:20:8:26":0,"s:9:4:21:Infinity":2,"s:10:20:13:Infinity":3,"s:14:8:14:Infinity":4,"b:16:8:19:Infinity:undefined:undefined:undefined:undefined":0,"s:16:8:19:Infinity":5,"s:17:12:17:Infinity":6,"b:17:79:17:115:17:115:17:127":1,"s:18:12:18:Infinity":7,"s:20:8:20:Infinity":8,"s:24:19:24:Infinity":9}}}
,"C:\\zhuanma\\CS7180\\Project2\\CS7180_HW3-Context-Engineering_Best-Match-\\lib\\api\\errorHandler.ts": {"path":"C:\\zhuanma\\CS7180\\Project2\\CS7180_HW3-Context-Engineering_Best-Match-\\lib\\api\\errorHandler.ts","statementMap":{"0":{"start":{"line":11,"column":8},"end":{"line":11,"column":null}},"1":{"start":{"line":12,"column":8},"end":{"line":12,"column":null}},"2":{"start":{"line":13,"column":8},"end":{"line":13,"column":null}},"3":{"start":{"line":14,"column":8},"end":{"line":14,"column":null}},"4":{"start":{"line":15,"column":8},"end":{"line":15,"column":null}},"5":{"start":{"line":21,"column":4},"end":{"line":21,"column":null}},"6":{"start":{"line":23,"column":4},"end":{"line":32,"column":null}},"7":{"start":{"line":24,"column":8},"end":{"line":31,"column":null}},"8":{"start":{"line":34,"column":4},"end":{"line":43,"column":null}},"9":{"start":{"line":35,"column":8},"end":{"line":42,"column":null}},"10":{"start":{"line":46,"column":4},"end":{"line":52,"column":null}}},"fnMap":{"0":{"name":"(anonymous_0)","decl":{"start":{"line":10,"column":4},"end":{"line":10,"column":16}},"loc":{"start":{"line":10,"column":95},"end":{"line":16,"column":null}},"line":10},"1":{"name":"handleError","decl":{"start":{"line":19,"column":16},"end":{"line":19,"column":28}},"loc":{"start":{"line":19,"column":58},"end":{"line":53,"column":null}},"line":19}},"branchMap":{"0":{"loc":{"start":{"line":10,"column":33},"end":{"line":10,"column":51}},"type":"default-arg","locations":[{"start":{"line":10,"column":46},"end":{"line":10,"column":51}}],"line":10},"1":{"loc":{"start":{"line":10,"column":51},"end":{"line":10,"column":76}},"type":"default-arg","locations":[{"start":{"line":10,"column":58},"end":{"line":10,"column":76}}],"line":10},"2":{"loc":{"start":{"line":23,"column":4},"end":{"line":32,"column":null}},"type":"if","locations":[{"start":{"line":23,"column":4},"end":{"line":32,"column":null}},{"start":{},"end":{}}],"line":23},"3":{"loc":{"start":{"line":34,"column":4},"end":{"line":43,"column":null}},"type":"if","locations":[{"start":{"line":34,"column":4},"end":{"line":43,"column":null}},{"start":{},"end":{}}],"line":34},"4":{"loc":{"start":{"line":39,"column":25},"end":{"line":39,"column":null}},"type":"cond-expr","locations":[{"start":{"line":39,"column":42},"end":{"line":39,"column":66}},{"start":{"line":39,"column":66},"end":{"line":39,"column":null}}],"line":39}},"s":{"0":1,"1":1,"2":1,"3":1,"4":1,"5":3,"6":3,"7":1,"8":2,"9":1,"10":1},"f":{"0":1,"1":3},"b":{"0":[1],"1":[1],"2":[1,2],"3":[1,1],"4":[1,0]},"meta":{"lastBranch":5,"lastFunction":2,"lastStatement":11,"seen":{"f:10:4:10:16":0,"b:10:46:10:51":0,"b:10:58:10:76":1,"s:11:8:11:Infinity":0,"s:12:8:12:Infinity":1,"s:13:8:13:Infinity":2,"s:14:8:14:Infinity":3,"s:15:8:15:Infinity":4,"f:19:16:19:28":1,"s:21:4:21:Infinity":5,"b:23:4:32:Infinity:undefined:undefined:undefined:undefined":2,"s:23:4:32:Infinity":6,"s:24:8:31:Infinity":7,"b:34:4:43:Infinity:undefined:undefined:undefined:undefined":3,"s:34:4:43:Infinity":8,"s:35:8:42:Infinity":9,"b:39:42:39:66:39:66:39:Infinity":4,"s:46:4:52:Infinity":10}}}
,"C:\\zhuanma\\CS7180\\Project2\\CS7180_HW3-Context-Engineering_Best-Match-\\lib\\api\\response.ts": {"path":"C:\\zhuanma\\CS7180\\Project2\\CS7180_HW3-Context-Engineering_Best-Match-\\lib\\api\\response.ts","statementMap":{"0":{"start":{"line":5,"column":4},"end":{"line":11,"column":null}},"1":{"start":{"line":18,"column":4},"end":{"line":24,"column":null}}},"fnMap":{"0":{"name":"successResponse","decl":{"start":{"line":4,"column":16},"end":{"line":4,"column":35}},"loc":{"start":{"line":4,"column":89},"end":{"line":12,"column":null}},"line":4},"1":{"name":"errorResponse","decl":{"start":{"line":14,"column":16},"end":{"line":14,"column":null}},"loc":{"start":{"line":17,"column":35},"end":{"line":25,"column":null}},"line":17}},"branchMap":{"0":{"loc":{"start":{"line":4,"column":45},"end":{"line":4,"column":89}},"type":"default-arg","locations":[{"start":{"line":4,"column":54},"end":{"line":4,"column":89}}],"line":4},"1":{"loc":{"start":{"line":8,"column":16},"end":{"line":8,"column":null}},"type":"binary-expr","locations":[{"start":{"line":8,"column":16},"end":{"line":8,"column":38}},{"start":{"line":8,"column":38},"end":{"line":8,"column":null}}],"line":8},"2":{"loc":{"start":{"line":16,"column":4},"end":{"line":16,"column":null}},"type":"default-arg","locations":[{"start":{"line":16,"column":13},"end":{"line":16,"column":null}}],"line":16}},"s":{"0":4,"1":11},"f":{"0":4,"1":11},"b":{"0":[4],"1":[4,4],"2":[11]},"meta":{"lastBranch":3,"lastFunction":2,"lastStatement":2,"seen":{"f:4:16:4:35":0,"b:4:54:4:89":0,"s:5:4:11:Infinity":0,"b:8:16:8:38:8:38:8:Infinity":1,"f:14:16:14:Infinity":1,"b:16:13:16:Infinity":2,"s:18:4:24:Infinity":1}}}
,"C:\\zhuanma\\CS7180\\Project2\\CS7180_HW3-Context-Engineering_Best-Match-\\lib\\api\\types.ts": {"path":"C:\\zhuanma\\CS7180\\Project2\\CS7180_HW3-Context-Engineering_Best-Match-\\lib\\api\\types.ts","statementMap":{},"fnMap":{},"branchMap":{},"s":{},"f":{},"b":{},"meta":{"lastBranch":0,"lastFunction":0,"lastStatement":0,"seen":{}}}
,"C:\\zhuanma\\CS7180\\Project2\\CS7180_HW3-Context-Engineering_Best-Match-\\lib\\supabase\\client.ts": {"path":"C:\\zhuanma\\CS7180\\Project2\\CS7180_HW3-Context-Engineering_Best-Match-\\lib\\supabase\\client.ts","statementMap":{"0":{"start":{"line":5,"column":4},"end":{"line":8,"column":null}}},"fnMap":{"0":{"name":"createClient","decl":{"start":{"line":4,"column":16},"end":{"line":4,"column":31}},"loc":{"start":{"line":4,"column":31},"end":{"line":9,"column":null}},"line":4}},"branchMap":{},"s":{"0":1},"f":{"0":1},"b":{},"meta":{"lastBranch":0,"lastFunction":1,"lastStatement":1,"seen":{"f:4:16:4:31":0,"s:5:4:8:Infinity":0}}}
,"C:\\zhuanma\\CS7180\\Project2\\CS7180_HW3-Context-Engineering_Best-Match-\\lib\\supabase\\middleware.ts": {"path":"C:\\zhuanma\\CS7180\\Project2\\CS7180_HW3-Context-Engineering_Best-Match-\\lib\\supabase\\middleware.ts","statementMap":{"0":{"start":{"line":6,"column":27},"end":{"line":8,"column":null}},"1":{"start":{"line":10,"column":10},"end":{"line":29,"column":null}},"2":{"start":{"line":16,"column":20},"end":{"line":16,"column":null}},"3":{"start":{"line":19,"column":20},"end":{"line":19,"column":null}},"4":{"start":{"line":19,"column":71},"end":{"line":19,"column":103}},"5":{"start":{"line":20,"column":20},"end":{"line":22,"column":null}},"6":{"start":{"line":23,"column":20},"end":{"line":25,"column":null}},"7":{"start":{"line":24,"column":24},"end":{"line":24,"column":null}},"8":{"start":{"line":35,"column":4},"end":{"line":35,"column":null}},"9":{"start":{"line":37,"column":4},"end":{"line":37,"column":null}}},"fnMap":{"0":{"name":"updateSession","decl":{"start":{"line":5,"column":22},"end":{"line":5,"column":36}},"loc":{"start":{"line":5,"column":58},"end":{"line":38,"column":null}},"line":5},"1":{"name":"(anonymous_1)","decl":{"start":{"line":15,"column":16},"end":{"line":15,"column":25}},"loc":{"start":{"line":15,"column":25},"end":{"line":17,"column":null}},"line":15},"2":{"name":"(anonymous_2)","decl":{"start":{"line":18,"column":16},"end":{"line":18,"column":23}},"loc":{"start":{"line":18,"column":37},"end":{"line":26,"column":null}},"line":18},"3":{"name":"(anonymous_3)","decl":{"start":{"line":19,"column":41},"end":{"line":19,"column":42}},"loc":{"start":{"line":19,"column":71},"end":{"line":19,"column":103}},"line":19},"4":{"name":"(anonymous_4)","decl":{"start":{"line":23,"column":41},"end":{"line":23,"column":42}},"loc":{"start":{"line":24,"column":24},"end":{"line":24,"column":null}},"line":24}},"branchMap":{},"s":{"0":3,"1":3,"2":1,"3":1,"4":1,"5":1,"6":1,"7":1,"8":3,"9":3},"f":{"0":3,"1":1,"2":1,"3":1,"4":1},"b":{},"meta":{"lastBranch":0,"lastFunction":5,"lastStatement":10,"seen":{"f:5:22:5:36":0,"s:6:27:8:Infinity":0,"s:10:10:29:Infinity":1,"f:15:16:15:25":1,"s:16:20:16:Infinity":2,"f:18:16:18:23":2,"s:19:20:19:Infinity":3,"f:19:41:19:42":3,"s:19:71:19:103":4,"s:20:20:22:Infinity":5,"s:23:20:25:Infinity":6,"f:23:41:23:42":4,"s:24:24:24:Infinity":7,"s:35:4:35:Infinity":8,"s:37:4:37:Infinity":9}}}
,"C:\\zhuanma\\CS7180\\Project2\\CS7180_HW3-Context-Engineering_Best-Match-\\lib\\supabase\\server.ts": {"path":"C:\\zhuanma\\CS7180\\Project2\\CS7180_HW3-Context-Engineering_Best-Match-\\lib\\supabase\\server.ts","statementMap":{"0":{"start":{"line":6,"column":24},"end":{"line":6,"column":null}},"1":{"start":{"line":8,"column":4},"end":{"line":29,"column":null}},"2":{"start":{"line":14,"column":20},"end":{"line":14,"column":null}},"3":{"start":{"line":17,"column":20},"end":{"line":25,"column":null}},"4":{"start":{"line":18,"column":24},"end":{"line":20,"column":null}},"5":{"start":{"line":19,"column":28},"end":{"line":19,"column":null}}},"fnMap":{"0":{"name":"createClient","decl":{"start":{"line":5,"column":22},"end":{"line":5,"column":37}},"loc":{"start":{"line":5,"column":37},"end":{"line":30,"column":null}},"line":5},"1":{"name":"(anonymous_1)","decl":{"start":{"line":13,"column":16},"end":{"line":13,"column":25}},"loc":{"start":{"line":13,"column":25},"end":{"line":15,"column":null}},"line":13},"2":{"name":"(anonymous_2)","decl":{"start":{"line":16,"column":16},"end":{"line":16,"column":23}},"loc":{"start":{"line":16,"column":37},"end":{"line":26,"column":null}},"line":16},"3":{"name":"(anonymous_3)","decl":{"start":{"line":18,"column":45},"end":{"line":18,"column":46}},"loc":{"start":{"line":19,"column":28},"end":{"line":19,"column":null}},"line":19}},"branchMap":{},"s":{"0":3,"1":3,"2":1,"3":1,"4":1,"5":1},"f":{"0":3,"1":1,"2":1,"3":1},"b":{},"meta":{"lastBranch":0,"lastFunction":4,"lastStatement":6,"seen":{"f:5:22:5:37":0,"s:6:24:6:Infinity":0,"s:8:4:29:Infinity":1,"f:13:16:13:25":1,"s:14:20:14:Infinity":2,"f:16:16:16:23":2,"s:17:20:25:Infinity":3,"s:18:24:20:Infinity":4,"f:18:45:18:46":3,"s:19:28:19:Infinity":5}}}
,"C:\\zhuanma\\CS7180\\Project2\\CS7180_HW3-Context-Engineering_Best-Match-\\lib\\validations\\middleware.ts": {"path":"C:\\zhuanma\\CS7180\\Project2\\CS7180_HW3-Context-Engineering_Best-Match-\\lib\\validations\\middleware.ts","statementMap":{"0":{"start":{"line":9,"column":4},"end":{"line":38,"column":null}},"1":{"start":{"line":10,"column":21},"end":{"line":10,"column":null}},"2":{"start":{"line":11,"column":30},"end":{"line":11,"column":null}},"3":{"start":{"line":12,"column":8},"end":{"line":12,"column":null}},"4":{"start":{"line":14,"column":8},"end":{"line":26,"column":null}},"5":{"start":{"line":15,"column":12},"end":{"line":25,"column":null}},"6":{"start":{"line":28,"column":8},"end":{"line":37,"column":null}}},"fnMap":{"0":{"name":"validateRequest","decl":{"start":{"line":5,"column":22},"end":{"line":5,"column":null}},"loc":{"start":{"line":8,"column":59},"end":{"line":39,"column":null}},"line":8}},"branchMap":{"0":{"loc":{"start":{"line":14,"column":8},"end":{"line":26,"column":null}},"type":"if","locations":[{"start":{"line":14,"column":8},"end":{"line":26,"column":null}},{"start":{},"end":{}}],"line":14},"1":{"loc":{"start":{"line":21,"column":33},"end":{"line":21,"column":null}},"type":"cond-expr","locations":[{"start":{"line":21,"column":50},"end":{"line":21,"column":74}},{"start":{"line":21,"column":74},"end":{"line":21,"column":null}}],"line":21}},"s":{"0":3,"1":3,"2":2,"3":2,"4":2,"5":1,"6":1},"f":{"0":3},"b":{"0":[1,1],"1":[1,0]},"meta":{"lastBranch":2,"lastFunction":1,"lastStatement":7,"seen":{"f:5:22:5:Infinity":0,"s:9:4:38:Infinity":0,"s:10:21:10:Infinity":1,"s:11:30:11:Infinity":2,"s:12:8:12:Infinity":3,"b:14:8:26:Infinity:undefined:undefined:undefined:undefined":0,"s:14:8:26:Infinity":4,"s:15:12:25:Infinity":5,"b:21:50:21:74:21:74:21:Infinity":1,"s:28:8:37:Infinity":6}}}
,"C:\\zhuanma\\CS7180\\Project2\\CS7180_HW3-Context-Engineering_Best-Match-\\lib\\validations\\schemas.ts": {"path":"C:\\zhuanma\\CS7180\\Project2\\CS7180_HW3-Context-Engineering_Best-Match-\\lib\\validations\\schemas.ts","statementMap":{"0":{"start":{"line":3,"column":33},"end":{"line":11,"column":null}},"1":{"start":{"line":15,"column":36},"end":{"line":22,"column":null}}},"fnMap":{},"branchMap":{},"s":{"0":1,"1":1},"f":{},"b":{},"meta":{"lastBranch":0,"lastFunction":0,"lastStatement":2,"seen":{"s:3:33:11:Infinity":0,"s:15:36:22:Infinity":1}}}
}
